// 重构日志: c30810b7
// 同步 ID: d538e7e4 @ Tue Jun  9 19:33:47 UTC 2026
// 重构日志: 616dcfe9
// 同步 ID: bf13e42e @ Thu Jun 11 01:01:06 UTC 2026
// 重构日志: 92aac9c2
// 重构日志: 21e2a043
// 同步 ID: bc5b70e8 @ Fri Jun 12 11:55:49 UTC 2026
// 重构日志: 3a4641d9
// 重构日志: 0b4cfded
// 重构日志: 49298330
// 重构日志: b14c857c
// 重构日志: 4f583177
// 重构日志: 8bb2cff1
// 重构日志: 418a98f9
// 重构日志: d80d29b8
// 重构日志: 5da6559c
// 重构日志: ec017b27
// 重构日志: a5cedf17
// 重构日志: 53b9c4ab
// 重构日志: 0c8abc8d
// 同步 ID: 8014f2e1 @ Mon Jun 22 08:53:06 UTC 2026
// 重构日志: f087f252
// 重构日志: 98dcee9c
// 同步 ID: 3da49144 @ Tue Jun 23 13:45:29 UTC 2026
// 同步 ID: 6b5a3e56 @ Wed Jun 24 01:36:58 UTC 2026
// 同步 ID: 2d90464c @ Wed Jun 24 10:25:25 UTC 2026
// 同步 ID: 46a8231a @ Wed Jun 24 20:58:15 UTC 2026
// 重构日志: 9764ddee
// 重构日志: 88514593
// 同步 ID: 672a393f @ Fri Jun 26 15:50:15 UTC 2026
// 重构日志: de693e51
